mode: atomic
item-pdp-service/internal/application/http/routes/routes.go:14.3,16.45 1 0
item-pdp-service/internal/application/http/routes/routes.go:16.45,21.3 1 0
item-pdp-service/internal/application/http/routes/routes.go:24.2,25.2 2 0
item-pdp-service/internal/application/http/routes/routes.go:25.2,27.3 1 0
item-pdp-service/internal/application/http/routes/routes.go:31.78,33.2 2 0
item-pdp-service/internal/application/http/routes/routes.go:33.2,57.3 12 0
item-pdp-service/internal/application/http/routes/routes.go:61.43,70.2 3 0
item-pdp-service/internal/infrastructure/database/connection.go:21.56,23.16 2 0
item-pdp-service/internal/infrastructure/database/connection.go:23.16,25.3 1 0
item-pdp-service/internal/infrastructure/database/connection.go:28.2,33.34 4 0
item-pdp-service/internal/infrastructure/database/connection.go:33.34,35.3 1 0
item-pdp-service/internal/infrastructure/database/connection.go:37.2,43.25 2 0
item-pdp-service/internal/infrastructure/database/connection.go:47.29,48.18 1 0
item-pdp-service/internal/infrastructure/database/connection.go:48.18,51.3 2 0
item-pdp-service/internal/infrastructure/database/connection.go:52.2,52.12 1 0
item-pdp-service/internal/infrastructure/database/connection.go:56.30,60.44 3 0
item-pdp-service/internal/infrastructure/database/connection.go:60.44,62.3 1 0
item-pdp-service/internal/infrastructure/database/connection.go:64.2,64.12 1 0
item-pdp-service/internal/infrastructure/database/connection.go:68.61,70.16 2 0
item-pdp-service/internal/infrastructure/database/connection.go:70.16,72.3 1 0
item-pdp-service/internal/infrastructure/database/connection.go:74.2,74.31 1 0
item-pdp-service/internal/infrastructure/database/connection.go:74.31,75.55 1 0
item-pdp-service/internal/infrastructure/database/connection.go:75.55,77.4 1 0
item-pdp-service/internal/infrastructure/database/connection.go:78.3,78.13 1 0
item-pdp-service/internal/infrastructure/database/connection.go:81.2,81.36 1 0
item-pdp-service/internal/infrastructure/database/connection.go:81.36,83.3 1 0
item-pdp-service/internal/infrastructure/database/connection.go:85.2,85.12 1 0
item-pdp-service/internal/application/http/middleware/cors.go:18.37,32.2 1 0
item-pdp-service/internal/application/http/middleware/cors.go:35.56,36.30 1 0
item-pdp-service/internal/application/http/middleware/cors.go:36.30,40.73 2 0
item-pdp-service/internal/application/http/middleware/cors.go:40.73,42.4 1 0
item-pdp-service/internal/application/http/middleware/cors.go:42.9,43.56 1 0
item-pdp-service/internal/application/http/middleware/cors.go:43.56,44.32 1 0
item-pdp-service/internal/application/http/middleware/cors.go:44.32,46.11 2 0
item-pdp-service/internal/application/http/middleware/cors.go:52.3,52.37 1 0
item-pdp-service/internal/application/http/middleware/cors.go:52.37,54.49 2 0
item-pdp-service/internal/application/http/middleware/cors.go:54.49,55.14 1 0
item-pdp-service/internal/application/http/middleware/cors.go:55.14,57.6 1 0
item-pdp-service/internal/application/http/middleware/cors.go:58.5,58.22 1 0
item-pdp-service/internal/application/http/middleware/cors.go:60.4,60.53 1 0
item-pdp-service/internal/application/http/middleware/cors.go:64.3,64.37 1 0
item-pdp-service/internal/application/http/middleware/cors.go:64.37,66.49 2 0
item-pdp-service/internal/application/http/middleware/cors.go:66.49,67.14 1 0
item-pdp-service/internal/application/http/middleware/cors.go:67.14,69.6 1 0
item-pdp-service/internal/application/http/middleware/cors.go:70.5,70.22 1 0
item-pdp-service/internal/application/http/middleware/cors.go:72.4,72.53 1 0
item-pdp-service/internal/application/http/middleware/cors.go:76.3,76.37 1 0
item-pdp-service/internal/application/http/middleware/cors.go:76.37,78.49 2 0
item-pdp-service/internal/application/http/middleware/cors.go:78.49,79.14 1 0
item-pdp-service/internal/application/http/middleware/cors.go:79.14,81.6 1 0
item-pdp-service/internal/application/http/middleware/cors.go:82.5,82.22 1 0
item-pdp-service/internal/application/http/middleware/cors.go:84.4,84.54 1 0
item-pdp-service/internal/application/http/middleware/cors.go:88.3,88.30 1 0
item-pdp-service/internal/application/http/middleware/cors.go:88.30,90.4 1 0
item-pdp-service/internal/application/http/middleware/cors.go:93.3,93.24 1 0
item-pdp-service/internal/application/http/middleware/cors.go:93.24,95.4 1 0
item-pdp-service/internal/application/http/middleware/cors.go:98.3,98.36 1 0
item-pdp-service/internal/application/http/middleware/cors.go:98.36,101.4 2 0
item-pdp-service/internal/application/http/middleware/cors.go:103.3,103.11 1 0
item-pdp-service/internal/application/http/middleware/logging.go:12.42,13.75 1 0
item-pdp-service/internal/application/http/middleware/logging.go:13.75,24.3 2 0
item-pdp-service/internal/application/http/middleware/logging.go:28.73,29.30 1 0
item-pdp-service/internal/application/http/middleware/logging.go:29.30,55.24 11 0
item-pdp-service/internal/application/http/middleware/logging.go:55.24,57.4 1 0
item-pdp-service/internal/application/http/middleware/logging.go:59.3,59.16 1 0
item-pdp-service/internal/application/http/middleware/logging.go:59.16,61.4 1 0
item-pdp-service/internal/application/http/middleware/logging.go:63.3,71.23 1 0
item-pdp-service/internal/application/http/middleware/validation.go:27.13,29.2 1 0
item-pdp-service/internal/application/http/middleware/validation.go:32.52,33.30 1 0
item-pdp-service/internal/application/http/middleware/validation.go:33.30,34.47 1 0
item-pdp-service/internal/application/http/middleware/validation.go:34.47,37.66 2 0
item-pdp-service/internal/application/http/middleware/validation.go:37.66,38.45 1 0
item-pdp-service/internal/application/http/middleware/validation.go:38.45,44.6 1 0
item-pdp-service/internal/application/http/middleware/validation.go:47.4,52.10 3 0
item-pdp-service/internal/application/http/middleware/validation.go:55.3,55.11 1 0
item-pdp-service/internal/application/http/middleware/validation.go:60.54,63.43 2 0
item-pdp-service/internal/application/http/middleware/validation.go:63.43,64.65 1 0
item-pdp-service/internal/application/http/middleware/validation.go:64.65,65.44 1 0
item-pdp-service/internal/application/http/middleware/validation.go:65.44,71.5 1 0
item-pdp-service/internal/application/http/middleware/validation.go:75.2,75.25 1 0
item-pdp-service/internal/application/http/middleware/validation.go:79.61,80.50 1 0
item-pdp-service/internal/application/http/middleware/validation.go:80.50,86.3 2 0
item-pdp-service/internal/application/http/middleware/validation.go:87.2,87.13 1 0
item-pdp-service/internal/application/http/middleware/validation.go:91.40,93.26 2 0
item-pdp-service/internal/application/http/middleware/validation.go:93.26,94.36 1 0
item-pdp-service/internal/application/http/middleware/validation.go:94.36,96.4 1 0
item-pdp-service/internal/application/http/middleware/validation.go:97.3,97.22 1 0
item-pdp-service/internal/application/http/middleware/validation.go:99.2,99.41 1 0
item-pdp-service/internal/application/http/middleware/validation.go:103.59,104.18 1 0
item-pdp-service/internal/application/http/middleware/validation.go:105.18,106.34 1 0
item-pdp-service/internal/application/http/middleware/validation.go:107.15,108.41 1 0
item-pdp-service/internal/application/http/middleware/validation.go:109.13,110.63 1 0
item-pdp-service/internal/application/http/middleware/validation.go:111.13,112.62 1 0
item-pdp-service/internal/application/http/middleware/validation.go:113.13,114.62 1 0
item-pdp-service/internal/application/http/middleware/validation.go:115.13,116.31 1 0
item-pdp-service/internal/application/http/middleware/validation.go:117.13,118.58 1 0
item-pdp-service/internal/application/http/middleware/validation.go:119.13,120.55 1 0
item-pdp-service/internal/application/http/middleware/validation.go:121.12,122.46 1 0
item-pdp-service/internal/application/http/middleware/validation.go:123.12,124.43 1 0
item-pdp-service/internal/application/http/middleware/validation.go:125.15,126.41 1 0
item-pdp-service/internal/application/http/middleware/validation.go:127.10,128.25 1 0
item-pdp-service/internal/infrastructure/config/config.go:63.47,77.45 8 0
item-pdp-service/internal/infrastructure/config/config.go:77.45,78.56 1 0
item-pdp-service/internal/infrastructure/config/config.go:78.56,80.4 1 0
item-pdp-service/internal/infrastructure/config/config.go:84.2,85.49 2 0
item-pdp-service/internal/infrastructure/config/config.go:85.49,87.3 1 0
item-pdp-service/internal/infrastructure/config/config.go:89.2,89.21 1 0
item-pdp-service/internal/infrastructure/config/config.go:93.20,121.2 20 0
item-pdp-service/internal/infrastructure/config/config.go:124.34,133.2 1 0
item-pdp-service/internal/infrastructure/config/config.go:136.44,138.2 1 0
item-pdp-service/internal/infrastructure/config/config.go:141.39,143.2 1 0
item-pdp-service/internal/infrastructure/config/config.go:146.38,148.2 1 0
item-pdp-service/internal/infrastructure/persistence/postgres_item_repository.go:22.65,26.2 1 7
item-pdp-service/internal/infrastructure/persistence/postgres_item_repository.go:29.82,38.16 3 2
item-pdp-service/internal/infrastructure/persistence/postgres_item_repository.go:38.16,40.3 1 0
item-pdp-service/internal/infrastructure/persistence/postgres_item_repository.go:42.2,43.16 2 2
item-pdp-service/internal/infrastructure/persistence/postgres_item_repository.go:43.16,45.3 1 0
item-pdp-service/internal/infrastructure/persistence/postgres_item_repository.go:47.2,64.16 2 2
item-pdp-service/internal/infrastructure/persistence/postgres_item_repository.go:64.16,66.3 1 1
item-pdp-service/internal/infrastructure/persistence/postgres_item_repository.go:68.2,73.12 2 1
item-pdp-service/internal/infrastructure/persistence/postgres_item_repository.go:77.100,102.16 4 3
item-pdp-service/internal/infrastructure/persistence/postgres_item_repository.go:102.16,103.27 1 2
item-pdp-service/internal/infrastructure/persistence/postgres_item_repository.go:103.27,105.4 1 1
item-pdp-service/internal/infrastructure/persistence/postgres_item_repository.go:106.3,106.63 1 1
item-pdp-service/internal/infrastructure/persistence/postgres_item_repository.go:109.2,109.26 1 1
item-pdp-service/internal/infrastructure/persistence/postgres_item_repository.go:113.99,138.16 4 2
item-pdp-service/internal/infrastructure/persistence/postgres_item_repository.go:138.16,139.27 1 1
item-pdp-service/internal/infrastructure/persistence/postgres_item_repository.go:139.27,141.4 1 1
item-pdp-service/internal/infrastructure/persistence/postgres_item_repository.go:142.3,142.64 1 0
item-pdp-service/internal/infrastructure/persistence/postgres_item_repository.go:145.2,145.26 1 1
item-pdp-service/internal/infrastructure/persistence/postgres_item_repository.go:149.84,158.16 3 2
item-pdp-service/internal/infrastructure/persistence/postgres_item_repository.go:158.16,160.3 1 0
item-pdp-service/internal/infrastructure/persistence/postgres_item_repository.go:162.2,163.16 2 2
item-pdp-service/internal/infrastructure/persistence/postgres_item_repository.go:163.16,165.3 1 0
item-pdp-service/internal/infrastructure/persistence/postgres_item_repository.go:167.2,182.16 2 2
item-pdp-service/internal/infrastructure/persistence/postgres_item_repository.go:182.16,184.3 1 0
item-pdp-service/internal/infrastructure/persistence/postgres_item_repository.go:186.2,187.16 2 2
item-pdp-service/internal/infrastructure/persistence/postgres_item_repository.go:187.16,189.3 1 0
item-pdp-service/internal/infrastructure/persistence/postgres_item_repository.go:191.2,191.23 1 2
item-pdp-service/internal/infrastructure/persistence/postgres_item_repository.go:191.23,193.3 1 1
item-pdp-service/internal/infrastructure/persistence/postgres_item_repository.go:195.2,195.12 1 1
item-pdp-service/internal/infrastructure/persistence/postgres_item_repository.go:199.84,203.16 3 2
item-pdp-service/internal/infrastructure/persistence/postgres_item_repository.go:203.16,205.3 1 0
item-pdp-service/internal/infrastructure/persistence/postgres_item_repository.go:207.2,208.16 2 2
item-pdp-service/internal/infrastructure/persistence/postgres_item_repository.go:208.16,210.3 1 0
item-pdp-service/internal/infrastructure/persistence/postgres_item_repository.go:212.2,212.23 1 2
item-pdp-service/internal/infrastructure/persistence/postgres_item_repository.go:212.23,214.3 1 1
item-pdp-service/internal/infrastructure/persistence/postgres_item_repository.go:216.2,216.12 1 1
item-pdp-service/internal/infrastructure/persistence/postgres_item_repository.go:220.135,228.16 3 0
item-pdp-service/internal/infrastructure/persistence/postgres_item_repository.go:228.16,230.3 1 0
item-pdp-service/internal/infrastructure/persistence/postgres_item_repository.go:231.2,233.28 2 0
item-pdp-service/internal/infrastructure/persistence/postgres_item_repository.go:237.129,245.16 3 0
item-pdp-service/internal/infrastructure/persistence/postgres_item_repository.go:245.16,247.3 1 0
item-pdp-service/internal/infrastructure/persistence/postgres_item_repository.go:248.2,250.28 2 0
item-pdp-service/internal/infrastructure/persistence/postgres_item_repository.go:254.117,265.16 3 2
item-pdp-service/internal/infrastructure/persistence/postgres_item_repository.go:265.16,267.3 1 2
item-pdp-service/internal/infrastructure/persistence/postgres_item_repository.go:268.2,270.28 2 0
item-pdp-service/internal/infrastructure/persistence/postgres_item_repository.go:274.115,284.16 3 0
item-pdp-service/internal/infrastructure/persistence/postgres_item_repository.go:284.16,286.3 1 0
item-pdp-service/internal/infrastructure/persistence/postgres_item_repository.go:287.2,289.28 2 0
item-pdp-service/internal/infrastructure/persistence/postgres_item_repository.go:293.114,303.16 3 0
item-pdp-service/internal/infrastructure/persistence/postgres_item_repository.go:303.16,305.3 1 0
item-pdp-service/internal/infrastructure/persistence/postgres_item_repository.go:306.2,308.28 2 0
item-pdp-service/internal/infrastructure/persistence/postgres_item_repository.go:312.108,317.16 4 0
item-pdp-service/internal/infrastructure/persistence/postgres_item_repository.go:317.16,319.3 1 0
item-pdp-service/internal/infrastructure/persistence/postgres_item_repository.go:321.2,321.19 1 0
item-pdp-service/internal/infrastructure/persistence/postgres_item_repository.go:325.102,330.16 4 0
item-pdp-service/internal/infrastructure/persistence/postgres_item_repository.go:330.16,332.3 1 0
item-pdp-service/internal/infrastructure/persistence/postgres_item_repository.go:334.2,334.19 1 0
item-pdp-service/internal/infrastructure/persistence/postgres_item_repository.go:338.95,343.16 4 2
item-pdp-service/internal/infrastructure/persistence/postgres_item_repository.go:343.16,345.3 1 0
item-pdp-service/internal/infrastructure/persistence/postgres_item_repository.go:347.2,347.20 1 2
item-pdp-service/internal/infrastructure/persistence/postgres_item_repository.go:351.96,356.16 4 0
item-pdp-service/internal/infrastructure/persistence/postgres_item_repository.go:356.16,358.3 1 0
item-pdp-service/internal/infrastructure/persistence/postgres_item_repository.go:360.2,360.20 1 0
item-pdp-service/internal/infrastructure/persistence/postgres_item_repository.go:388.78,391.16 2 2
item-pdp-service/internal/infrastructure/persistence/postgres_item_repository.go:391.16,393.3 1 0
item-pdp-service/internal/infrastructure/persistence/postgres_item_repository.go:395.2,396.16 2 2
item-pdp-service/internal/infrastructure/persistence/postgres_item_repository.go:396.16,398.3 1 0
item-pdp-service/internal/infrastructure/persistence/postgres_item_repository.go:400.2,401.16 2 2
item-pdp-service/internal/infrastructure/persistence/postgres_item_repository.go:401.16,403.3 1 0
item-pdp-service/internal/infrastructure/persistence/postgres_item_repository.go:405.2,406.16 2 2
item-pdp-service/internal/infrastructure/persistence/postgres_item_repository.go:406.16,408.3 1 0
item-pdp-service/internal/infrastructure/persistence/postgres_item_repository.go:410.2,411.16 2 2
item-pdp-service/internal/infrastructure/persistence/postgres_item_repository.go:411.16,413.3 1 0
item-pdp-service/internal/infrastructure/persistence/postgres_item_repository.go:415.2,416.16 2 2
item-pdp-service/internal/infrastructure/persistence/postgres_item_repository.go:416.16,418.3 1 0
item-pdp-service/internal/infrastructure/persistence/postgres_item_repository.go:421.2,422.64 2 2
item-pdp-service/internal/infrastructure/persistence/postgres_item_repository.go:422.64,424.3 1 0
item-pdp-service/internal/infrastructure/persistence/postgres_item_repository.go:426.2,427.37 2 2
item-pdp-service/internal/infrastructure/persistence/postgres_item_repository.go:427.37,429.17 2 0
item-pdp-service/internal/infrastructure/persistence/postgres_item_repository.go:429.17,431.4 1 0
item-pdp-service/internal/infrastructure/persistence/postgres_item_repository.go:432.3,432.18 1 0
item-pdp-service/internal/infrastructure/persistence/postgres_item_repository.go:436.2,437.71 2 2
item-pdp-service/internal/infrastructure/persistence/postgres_item_repository.go:437.71,439.3 1 0
item-pdp-service/internal/infrastructure/persistence/postgres_item_repository.go:441.2,442.40 2 2
item-pdp-service/internal/infrastructure/persistence/postgres_item_repository.go:442.40,443.52 1 0
item-pdp-service/internal/infrastructure/persistence/postgres_item_repository.go:443.52,445.4 1 0
item-pdp-service/internal/infrastructure/persistence/postgres_item_repository.go:449.2,450.16 2 2
item-pdp-service/internal/infrastructure/persistence/postgres_item_repository.go:450.16,452.3 1 0
item-pdp-service/internal/infrastructure/persistence/postgres_item_repository.go:459.2,465.25 6 2
item-pdp-service/internal/infrastructure/persistence/postgres_item_repository.go:468.84,471.18 2 0
item-pdp-service/internal/infrastructure/persistence/postgres_item_repository.go:471.18,489.17 3 0
item-pdp-service/internal/infrastructure/persistence/postgres_item_repository.go:489.17,491.4 1 0
item-pdp-service/internal/infrastructure/persistence/postgres_item_repository.go:493.3,494.17 2 0
item-pdp-service/internal/infrastructure/persistence/postgres_item_repository.go:494.17,496.4 1 0
item-pdp-service/internal/infrastructure/persistence/postgres_item_repository.go:498.3,498.29 1 0
item-pdp-service/internal/infrastructure/persistence/postgres_item_repository.go:501.2,501.35 1 0
item-pdp-service/internal/infrastructure/persistence/postgres_item_repository.go:501.35,503.3 1 0
item-pdp-service/internal/infrastructure/persistence/postgres_item_repository.go:505.2,505.19 1 0
item-pdp-service/internal/infrastructure/persistence/postgres_item_repository.go:508.80,510.29 2 4
item-pdp-service/internal/infrastructure/persistence/postgres_item_repository.go:510.29,516.3 1 0
item-pdp-service/internal/infrastructure/persistence/postgres_item_repository.go:517.2,517.15 1 4
item-pdp-service/internal/application/usecase/item_usecase.go:33.59,37.2 1 5
item-pdp-service/internal/application/usecase/item_usecase.go:40.110,43.16 2 3
item-pdp-service/internal/application/usecase/item_usecase.go:43.16,45.3 1 1
item-pdp-service/internal/application/usecase/item_usecase.go:47.2,48.16 2 2
item-pdp-service/internal/application/usecase/item_usecase.go:48.16,50.3 1 0
item-pdp-service/internal/application/usecase/item_usecase.go:51.2,51.12 1 2
item-pdp-service/internal/application/usecase/item_usecase.go:51.12,53.3 1 1
item-pdp-service/internal/application/usecase/item_usecase.go:56.2,57.16 2 1
item-pdp-service/internal/application/usecase/item_usecase.go:57.16,59.3 1 0
item-pdp-service/internal/application/usecase/item_usecase.go:61.2,62.16 2 1
item-pdp-service/internal/application/usecase/item_usecase.go:62.16,64.3 1 0
item-pdp-service/internal/application/usecase/item_usecase.go:67.2,68.16 2 1
item-pdp-service/internal/application/usecase/item_usecase.go:68.16,70.3 1 0
item-pdp-service/internal/application/usecase/item_usecase.go:73.2,73.23 1 1
item-pdp-service/internal/application/usecase/item_usecase.go:73.23,74.64 1 1
item-pdp-service/internal/application/usecase/item_usecase.go:74.64,76.4 1 0
item-pdp-service/internal/application/usecase/item_usecase.go:80.2,80.27 1 1
item-pdp-service/internal/application/usecase/item_usecase.go:80.27,81.42 1 1
item-pdp-service/internal/application/usecase/item_usecase.go:81.42,82.59 1 1
item-pdp-service/internal/application/usecase/item_usecase.go:82.59,84.5 1 0
item-pdp-service/internal/application/usecase/item_usecase.go:89.2,89.54 1 1
item-pdp-service/internal/application/usecase/item_usecase.go:89.54,91.3 1 0
item-pdp-service/internal/application/usecase/item_usecase.go:93.2,93.42 1 1
item-pdp-service/internal/application/usecase/item_usecase.go:97.94,99.16 2 3
item-pdp-service/internal/application/usecase/item_usecase.go:99.16,101.3 1 1
item-pdp-service/internal/application/usecase/item_usecase.go:103.2,104.16 2 2
item-pdp-service/internal/application/usecase/item_usecase.go:104.16,106.3 1 1
item-pdp-service/internal/application/usecase/item_usecase.go:108.2,108.44 1 1
item-pdp-service/internal/application/usecase/item_usecase.go:112.99,114.16 2 0
item-pdp-service/internal/application/usecase/item_usecase.go:114.16,116.3 1 0
item-pdp-service/internal/application/usecase/item_usecase.go:118.2,119.16 2 0
item-pdp-service/internal/application/usecase/item_usecase.go:119.16,121.3 1 0
item-pdp-service/internal/application/usecase/item_usecase.go:123.2,123.44 1 0
item-pdp-service/internal/application/usecase/item_usecase.go:127.121,129.16 2 0
item-pdp-service/internal/application/usecase/item_usecase.go:129.16,131.3 1 0
item-pdp-service/internal/application/usecase/item_usecase.go:133.2,134.16 2 0
item-pdp-service/internal/application/usecase/item_usecase.go:134.16,136.3 1 0
item-pdp-service/internal/application/usecase/item_usecase.go:139.2,139.22 1 0
item-pdp-service/internal/application/usecase/item_usecase.go:139.22,141.26 2 0
item-pdp-service/internal/application/usecase/item_usecase.go:141.26,143.4 1 0
item-pdp-service/internal/application/usecase/item_usecase.go:145.3,146.17 2 0
item-pdp-service/internal/application/usecase/item_usecase.go:146.17,148.4 1 0
item-pdp-service/internal/application/usecase/item_usecase.go:150.3,150.60 1 0
item-pdp-service/internal/application/usecase/item_usecase.go:150.60,152.4 1 0
item-pdp-service/internal/application/usecase/item_usecase.go:156.2,156.27 1 0
item-pdp-service/internal/application/usecase/item_usecase.go:156.27,157.42 1 0
item-pdp-service/internal/application/usecase/item_usecase.go:157.42,158.64 1 0
item-pdp-service/internal/application/usecase/item_usecase.go:158.64,160.5 1 0
item-pdp-service/internal/application/usecase/item_usecase.go:165.2,165.61 1 0
item-pdp-service/internal/application/usecase/item_usecase.go:165.61,167.3 1 0
item-pdp-service/internal/application/usecase/item_usecase.go:169.2,169.47 1 0
item-pdp-service/internal/application/usecase/item_usecase.go:173.131,175.16 2 2
item-pdp-service/internal/application/usecase/item_usecase.go:175.16,177.3 1 0
item-pdp-service/internal/application/usecase/item_usecase.go:179.2,180.16 2 2
item-pdp-service/internal/application/usecase/item_usecase.go:180.16,182.3 1 1
item-pdp-service/internal/application/usecase/item_usecase.go:184.2,184.67 1 1
item-pdp-service/internal/application/usecase/item_usecase.go:184.67,186.3 1 0
item-pdp-service/internal/application/usecase/item_usecase.go:188.2,188.61 1 1
item-pdp-service/internal/application/usecase/item_usecase.go:188.61,190.3 1 0
item-pdp-service/internal/application/usecase/item_usecase.go:192.2,192.47 1 1
item-pdp-service/internal/application/usecase/item_usecase.go:196.117,198.16 2 0
item-pdp-service/internal/application/usecase/item_usecase.go:198.16,200.3 1 0
item-pdp-service/internal/application/usecase/item_usecase.go:202.2,203.16 2 0
item-pdp-service/internal/application/usecase/item_usecase.go:203.16,205.3 1 0
item-pdp-service/internal/application/usecase/item_usecase.go:207.2,208.16 2 0
item-pdp-service/internal/application/usecase/item_usecase.go:208.16,210.3 1 0
item-pdp-service/internal/application/usecase/item_usecase.go:212.2,212.53 1 0
item-pdp-service/internal/application/usecase/item_usecase.go:212.53,214.3 1 0
item-pdp-service/internal/application/usecase/item_usecase.go:216.2,216.61 1 0
item-pdp-service/internal/application/usecase/item_usecase.go:216.61,218.3 1 0
item-pdp-service/internal/application/usecase/item_usecase.go:220.2,220.47 1 0
item-pdp-service/internal/application/usecase/item_usecase.go:224.76,226.16 2 0
item-pdp-service/internal/application/usecase/item_usecase.go:226.16,228.3 1 0
item-pdp-service/internal/application/usecase/item_usecase.go:230.2,231.16 2 0
item-pdp-service/internal/application/usecase/item_usecase.go:231.16,233.3 1 0
item-pdp-service/internal/application/usecase/item_usecase.go:235.2,237.61 2 0
item-pdp-service/internal/application/usecase/item_usecase.go:237.61,239.3 1 0
item-pdp-service/internal/application/usecase/item_usecase.go:241.2,241.12 1 0
item-pdp-service/internal/application/usecase/item_usecase.go:245.74,247.16 2 0
item-pdp-service/internal/application/usecase/item_usecase.go:247.16,249.3 1 0
item-pdp-service/internal/application/usecase/item_usecase.go:251.2,252.16 2 0
item-pdp-service/internal/application/usecase/item_usecase.go:252.16,254.3 1 0
item-pdp-service/internal/application/usecase/item_usecase.go:256.2,258.61 2 0
item-pdp-service/internal/application/usecase/item_usecase.go:258.61,260.3 1 0
item-pdp-service/internal/application/usecase/item_usecase.go:262.2,262.12 1 0
item-pdp-service/internal/application/usecase/item_usecase.go:266.72,268.16 2 2
item-pdp-service/internal/application/usecase/item_usecase.go:268.16,270.3 1 0
item-pdp-service/internal/application/usecase/item_usecase.go:272.2,272.55 1 2
item-pdp-service/internal/application/usecase/item_usecase.go:272.55,274.3 1 1
item-pdp-service/internal/application/usecase/item_usecase.go:276.2,276.12 1 1
item-pdp-service/internal/application/usecase/item_usecase.go:280.111,286.21 4 3
item-pdp-service/internal/application/usecase/item_usecase.go:286.21,288.3 1 2
item-pdp-service/internal/application/usecase/item_usecase.go:288.8,288.31 1 1
item-pdp-service/internal/application/usecase/item_usecase.go:288.31,290.25 2 1
item-pdp-service/internal/application/usecase/item_usecase.go:290.25,292.4 1 0
item-pdp-service/internal/application/usecase/item_usecase.go:293.3,293.78 1 1
item-pdp-service/internal/application/usecase/item_usecase.go:294.8,294.29 1 0
item-pdp-service/internal/application/usecase/item_usecase.go:294.29,296.23 2 0
item-pdp-service/internal/application/usecase/item_usecase.go:296.23,298.4 1 0
item-pdp-service/internal/application/usecase/item_usecase.go:299.3,299.74 1 0
item-pdp-service/internal/application/usecase/item_usecase.go:300.8,302.3 1 0
item-pdp-service/internal/application/usecase/item_usecase.go:304.2,304.16 1 3
item-pdp-service/internal/application/usecase/item_usecase.go:304.16,306.3 1 1
item-pdp-service/internal/application/usecase/item_usecase.go:308.2,309.28 2 2
item-pdp-service/internal/application/usecase/item_usecase.go:309.28,311.3 1 2
item-pdp-service/internal/application/usecase/item_usecase.go:313.2,321.8 2 2
item-pdp-service/internal/application/usecase/item_usecase.go:325.135,327.16 2 0
item-pdp-service/internal/application/usecase/item_usecase.go:327.16,329.3 1 0
item-pdp-service/internal/application/usecase/item_usecase.go:331.2,333.16 3 0
item-pdp-service/internal/application/usecase/item_usecase.go:333.16,335.3 1 0
item-pdp-service/internal/application/usecase/item_usecase.go:337.2,338.28 2 0
item-pdp-service/internal/application/usecase/item_usecase.go:338.28,340.3 1 0
item-pdp-service/internal/application/usecase/item_usecase.go:342.2,350.8 2 0
item-pdp-service/internal/application/usecase/item_usecase.go:354.113,357.16 3 0
item-pdp-service/internal/application/usecase/item_usecase.go:357.16,359.3 1 0
item-pdp-service/internal/application/usecase/item_usecase.go:361.2,362.28 2 0
item-pdp-service/internal/application/usecase/item_usecase.go:362.28,364.3 1 0
item-pdp-service/internal/application/usecase/item_usecase.go:366.2,374.8 2 0
item-pdp-service/internal/application/usecase/item_usecase.go:378.75,380.35 2 5
item-pdp-service/internal/application/usecase/item_usecase.go:380.35,386.3 1 0
item-pdp-service/internal/application/usecase/item_usecase.go:388.2,408.3 1 5
item-pdp-service/internal/domain/item/entity.go:24.96,25.73 1 8
item-pdp-service/internal/domain/item/entity.go:25.73,27.3 1 1
item-pdp-service/internal/domain/item/entity.go:29.2,36.33 1 7
item-pdp-service/internal/domain/item/entity.go:36.33,36.74 2 7
item-pdp-service/internal/domain/item/entity.go:46.36,46.51 1 1
item-pdp-service/internal/domain/item/entity.go:47.36,47.52 1 1
item-pdp-service/internal/domain/item/entity.go:48.36,48.53 1 1
item-pdp-service/internal/domain/item/entity.go:49.36,49.60 1 1
item-pdp-service/internal/domain/item/entity.go:50.36,50.54 1 4
item-pdp-service/internal/domain/item/entity.go:51.36,51.57 1 1
item-pdp-service/internal/domain/item/entity.go:52.38,52.60 1 3
item-pdp-service/internal/domain/item/entity.go:53.36,53.55 1 3
item-pdp-service/internal/domain/item/entity.go:54.40,54.63 1 2
item-pdp-service/internal/domain/item/entity.go:55.36,55.55 1 4
item-pdp-service/internal/domain/item/entity.go:56.38,56.60 1 1
item-pdp-service/internal/domain/item/entity.go:57.38,57.60 1 6
item-pdp-service/internal/domain/item/entity.go:60.50,61.44 1 2
item-pdp-service/internal/domain/item/entity.go:61.44,63.3 1 1
item-pdp-service/internal/domain/item/entity.go:64.2,66.12 3 1
item-pdp-service/internal/domain/item/entity.go:69.52,71.16 2 5
item-pdp-service/internal/domain/item/entity.go:71.16,73.3 1 1
item-pdp-service/internal/domain/item/entity.go:74.2,76.12 3 4
item-pdp-service/internal/domain/item/entity.go:79.44,80.41 1 2
item-pdp-service/internal/domain/item/entity.go:80.41,82.3 1 1
item-pdp-service/internal/domain/item/entity.go:83.2,85.12 3 1
item-pdp-service/internal/domain/item/entity.go:88.54,89.53 1 3
item-pdp-service/internal/domain/item/entity.go:89.53,91.3 1 1
item-pdp-service/internal/domain/item/entity.go:92.2,93.12 2 2
item-pdp-service/internal/domain/item/entity.go:96.29,99.2 2 2
item-pdp-service/internal/domain/item/entity.go:101.27,104.2 2 2
item-pdp-service/internal/domain/item/entity.go:106.35,108.2 1 4
item-pdp-service/internal/domain/item/entity.go:111.87,112.39 1 8
item-pdp-service/internal/domain/item/entity.go:112.39,114.3 1 0
item-pdp-service/internal/domain/item/entity.go:115.2,115.16 1 8
item-pdp-service/internal/domain/item/entity.go:115.16,117.3 1 1
item-pdp-service/internal/domain/item/entity.go:118.2,118.41 1 7
item-pdp-service/internal/domain/item/entity.go:118.41,120.3 1 0
item-pdp-service/internal/domain/item/entity.go:121.2,121.44 1 7
item-pdp-service/internal/domain/item/entity.go:121.44,123.3 1 0
item-pdp-service/internal/domain/item/entity.go:124.2,124.12 1 7
item-pdp-service/internal/domain/item/errors.go:10.50,12.2 1 22
item-pdp-service/internal/domain/item/errors.go:14.38,16.2 1 18
item-pdp-service/internal/domain/item/errors.go:18.45,21.2 2 3
item-pdp-service/internal/domain/item/errors.go:33.41,35.2 1 1
item-pdp-service/internal/domain/item/errors.go:38.44,40.2 1 1
item-pdp-service/internal/domain/item/errors.go:43.39,45.2 1 1
item-pdp-service/internal/domain/item/events.go:26.72,33.2 1 0
item-pdp-service/internal/domain/item/events.go:35.47,35.67 1 0
item-pdp-service/internal/domain/item/events.go:36.47,36.69 1 0
item-pdp-service/internal/domain/item/events.go:37.47,37.71 1 0
item-pdp-service/internal/domain/item/events.go:38.49,38.72 1 0
item-pdp-service/internal/domain/item/events.go:46.56,51.2 1 0
item-pdp-service/internal/domain/item/events.go:53.52,63.2 1 0
item-pdp-service/internal/domain/item/events.go:73.95,80.2 1 0
item-pdp-service/internal/domain/item/events.go:82.57,90.2 1 0
item-pdp-service/internal/domain/item/events.go:100.107,107.2 1 0
item-pdp-service/internal/domain/item/events.go:109.61,116.2 1 0
item-pdp-service/internal/domain/item/events.go:126.100,133.2 1 0
item-pdp-service/internal/domain/item/events.go:135.58,141.2 1 0
item-pdp-service/internal/domain/item/events.go:150.68,156.2 1 0
item-pdp-service/internal/domain/item/events.go:158.52,163.2 1 0
item-pdp-service/internal/domain/item/value_objects.go:16.25,18.2 1 11
item-pdp-service/internal/domain/item/value_objects.go:20.53,21.42 1 4
item-pdp-service/internal/domain/item/value_objects.go:21.42,23.3 1 2
item-pdp-service/internal/domain/item/value_objects.go:24.2,24.31 1 2
item-pdp-service/internal/domain/item/value_objects.go:27.34,29.2 1 7
item-pdp-service/internal/domain/item/value_objects.go:31.44,33.2 1 2
item-pdp-service/internal/domain/item/value_objects.go:40.38,42.41 2 16
item-pdp-service/internal/domain/item/value_objects.go:42.41,44.3 1 4
item-pdp-service/internal/domain/item/value_objects.go:45.2,45.29 1 12
item-pdp-service/internal/domain/item/value_objects.go:48.30,50.2 1 7
item-pdp-service/internal/domain/item/value_objects.go:52.31,54.2 1 8
item-pdp-service/internal/domain/item/value_objects.go:56.36,57.15 1 24
item-pdp-service/internal/domain/item/value_objects.go:57.15,59.3 1 1
item-pdp-service/internal/domain/item/value_objects.go:60.2,60.35 1 23
item-pdp-service/internal/domain/item/value_objects.go:60.35,62.3 1 2
item-pdp-service/internal/domain/item/value_objects.go:63.2,64.14 2 21
item-pdp-service/internal/domain/item/value_objects.go:64.14,66.3 1 1
item-pdp-service/internal/domain/item/value_objects.go:67.2,67.12 1 20
item-pdp-service/internal/domain/item/value_objects.go:76.63,77.16 1 15
item-pdp-service/internal/domain/item/value_objects.go:77.16,79.3 1 2
item-pdp-service/internal/domain/item/value_objects.go:80.2,80.20 1 13
item-pdp-service/internal/domain/item/value_objects.go:80.20,82.3 1 1
item-pdp-service/internal/domain/item/value_objects.go:83.2,91.8 3 13
item-pdp-service/internal/domain/item/value_objects.go:94.33,96.2 1 5
item-pdp-service/internal/domain/item/value_objects.go:98.34,100.2 1 4
item-pdp-service/internal/domain/item/value_objects.go:102.32,104.2 1 1
item-pdp-service/internal/domain/item/value_objects.go:106.33,107.18 1 9
item-pdp-service/internal/domain/item/value_objects.go:107.18,109.3 1 0
item-pdp-service/internal/domain/item/value_objects.go:110.2,110.22 1 9
item-pdp-service/internal/domain/item/value_objects.go:110.22,112.3 1 1
item-pdp-service/internal/domain/item/value_objects.go:113.2,113.12 1 8
item-pdp-service/internal/domain/item/value_objects.go:122.49,124.16 2 11
item-pdp-service/internal/domain/item/value_objects.go:124.16,126.3 1 1
item-pdp-service/internal/domain/item/value_objects.go:128.2,133.8 2 10
item-pdp-service/internal/domain/item/value_objects.go:136.33,138.2 1 3
item-pdp-service/internal/domain/item/value_objects.go:140.33,142.2 1 3
item-pdp-service/internal/domain/item/value_objects.go:144.36,145.18 1 7
item-pdp-service/internal/domain/item/value_objects.go:145.18,147.3 1 0
item-pdp-service/internal/domain/item/value_objects.go:148.2,148.12 1 7
item-pdp-service/internal/domain/item/value_objects.go:156.52,157.18 1 16
item-pdp-service/internal/domain/item/value_objects.go:157.18,159.3 1 2
item-pdp-service/internal/domain/item/value_objects.go:160.2,160.43 1 14
item-pdp-service/internal/domain/item/value_objects.go:163.35,165.2 1 5
item-pdp-service/internal/domain/item/value_objects.go:167.39,169.2 1 5
item-pdp-service/internal/domain/item/value_objects.go:171.50,173.2 1 5
item-pdp-service/internal/domain/item/value_objects.go:182.63,183.15 1 5
item-pdp-service/internal/domain/item/value_objects.go:183.15,185.3 1 2
item-pdp-service/internal/domain/item/value_objects.go:186.2,190.8 1 3
item-pdp-service/internal/domain/item/value_objects.go:193.29,195.2 1 2
item-pdp-service/internal/domain/item/value_objects.go:197.29,199.2 1 2
item-pdp-service/internal/domain/item/value_objects.go:201.33,203.2 1 2
item-pdp-service/internal/domain/item/value_objects.go:205.33,206.17 1 2
item-pdp-service/internal/domain/item/value_objects.go:206.17,208.3 1 1
item-pdp-service/internal/domain/item/value_objects.go:209.2,209.12 1 1
item-pdp-service/internal/domain/item/value_objects.go:217.33,221.2 1 8
item-pdp-service/internal/domain/item/value_objects.go:223.51,227.15 3 6
item-pdp-service/internal/domain/item/value_objects.go:227.15,229.3 1 2
item-pdp-service/internal/domain/item/value_objects.go:231.2,232.12 2 4
item-pdp-service/internal/domain/item/value_objects.go:235.52,238.2 2 4
item-pdp-service/internal/domain/item/value_objects.go:240.45,242.27 2 1
item-pdp-service/internal/domain/item/value_objects.go:242.27,244.3 1 2
item-pdp-service/internal/domain/item/value_objects.go:245.2,245.15 1 1
item-pdp-service/internal/domain/item/value_objects.go:258.33,259.11 1 4
item-pdp-service/internal/domain/item/value_objects.go:260.20,261.18 1 1
item-pdp-service/internal/domain/item/value_objects.go:262.22,263.20 1 1
item-pdp-service/internal/domain/item/value_objects.go:264.19,265.17 1 1
item-pdp-service/internal/domain/item/value_objects.go:266.22,267.20 1 1
item-pdp-service/internal/domain/item/value_objects.go:268.10,269.19 1 0
item-pdp-service/internal/domain/item/value_objects.go:273.54,274.33 1 6
item-pdp-service/internal/domain/item/value_objects.go:275.16,276.27 1 2
item-pdp-service/internal/domain/item/value_objects.go:277.18,278.29 1 1
item-pdp-service/internal/domain/item/value_objects.go:279.15,280.26 1 1
item-pdp-service/internal/domain/item/value_objects.go:281.18,282.29 1 1
item-pdp-service/internal/domain/item/value_objects.go:283.10,284.67 1 1
item-pdp-service/internal/application/http/handlers/item_handler.go:26.67,30.2 1 5
item-pdp-service/internal/application/http/handlers/item_handler.go:43.50,45.47 2 3
item-pdp-service/internal/application/http/handlers/item_handler.go:45.47,51.3 3 1
item-pdp-service/internal/application/http/handlers/item_handler.go:54.2,54.44 1 2
item-pdp-service/internal/application/http/handlers/item_handler.go:54.44,56.3 1 0
item-pdp-service/internal/application/http/handlers/item_handler.go:58.2,59.16 2 2
item-pdp-service/internal/application/http/handlers/item_handler.go:59.16,65.3 3 1
item-pdp-service/internal/application/http/handlers/item_handler.go:67.2,67.34 1 1
item-pdp-service/internal/application/http/handlers/item_handler.go:81.47,83.14 2 3
item-pdp-service/internal/application/http/handlers/item_handler.go:83.14,88.3 2 1
item-pdp-service/internal/application/http/handlers/item_handler.go:90.2,91.16 2 2
item-pdp-service/internal/application/http/handlers/item_handler.go:91.16,97.3 3 1
item-pdp-service/internal/application/http/handlers/item_handler.go:99.2,99.29 1 1
item-pdp-service/internal/application/http/handlers/item_handler.go:113.52,115.15 2 0
item-pdp-service/internal/application/http/handlers/item_handler.go:115.15,120.3 2 0
item-pdp-service/internal/application/http/handlers/item_handler.go:122.2,123.16 2 0
item-pdp-service/internal/application/http/handlers/item_handler.go:123.16,129.3 3 0
item-pdp-service/internal/application/http/handlers/item_handler.go:131.2,131.29 1 0
item-pdp-service/internal/application/http/handlers/item_handler.go:147.50,149.14 2 0
item-pdp-service/internal/application/http/handlers/item_handler.go:149.14,154.3 2 0
item-pdp-service/internal/application/http/handlers/item_handler.go:156.2,157.47 2 0
item-pdp-service/internal/application/http/handlers/item_handler.go:157.47,163.3 3 0
item-pdp-service/internal/application/http/handlers/item_handler.go:166.2,166.44 1 0
item-pdp-service/internal/application/http/handlers/item_handler.go:166.44,168.3 1 0
item-pdp-service/internal/application/http/handlers/item_handler.go:170.2,171.16 2 0
item-pdp-service/internal/application/http/handlers/item_handler.go:171.16,177.3 3 0
item-pdp-service/internal/application/http/handlers/item_handler.go:179.2,179.29 1 0
item-pdp-service/internal/application/http/handlers/item_handler.go:195.55,197.14 2 1
item-pdp-service/internal/application/http/handlers/item_handler.go:197.14,202.3 2 0
item-pdp-service/internal/application/http/handlers/item_handler.go:204.2,205.47 2 1
item-pdp-service/internal/application/http/handlers/item_handler.go:205.47,211.3 3 0
item-pdp-service/internal/application/http/handlers/item_handler.go:214.2,214.44 1 1
item-pdp-service/internal/application/http/handlers/item_handler.go:214.44,216.3 1 0
item-pdp-service/internal/application/http/handlers/item_handler.go:218.2,219.16 2 1
item-pdp-service/internal/application/http/handlers/item_handler.go:219.16,225.3 3 0
item-pdp-service/internal/application/http/handlers/item_handler.go:227.2,227.29 1 1
item-pdp-service/internal/application/http/handlers/item_handler.go:243.48,245.14 2 0
item-pdp-service/internal/application/http/handlers/item_handler.go:245.14,250.3 2 0
item-pdp-service/internal/application/http/handlers/item_handler.go:252.2,253.47 2 0
item-pdp-service/internal/application/http/handlers/item_handler.go:253.47,259.3 3 0
item-pdp-service/internal/application/http/handlers/item_handler.go:262.2,262.44 1 0
item-pdp-service/internal/application/http/handlers/item_handler.go:262.44,264.3 1 0
item-pdp-service/internal/application/http/handlers/item_handler.go:266.2,267.16 2 0
item-pdp-service/internal/application/http/handlers/item_handler.go:267.16,273.3 3 0
item-pdp-service/internal/application/http/handlers/item_handler.go:275.2,275.29 1 0
item-pdp-service/internal/application/http/handlers/item_handler.go:289.50,291.14 2 2
item-pdp-service/internal/application/http/handlers/item_handler.go:291.14,296.3 2 0
item-pdp-service/internal/application/http/handlers/item_handler.go:298.2,299.16 2 2
item-pdp-service/internal/application/http/handlers/item_handler.go:299.16,305.3 3 1
item-pdp-service/internal/application/http/handlers/item_handler.go:307.2,307.35 1 1
item-pdp-service/internal/application/http/handlers/item_handler.go:321.54,323.14 2 0
item-pdp-service/internal/application/http/handlers/item_handler.go:323.14,328.3 2 0
item-pdp-service/internal/application/http/handlers/item_handler.go:330.2,331.16 2 0
item-pdp-service/internal/application/http/handlers/item_handler.go:331.16,337.3 3 0
item-pdp-service/internal/application/http/handlers/item_handler.go:339.2,339.32 1 0
item-pdp-service/internal/application/http/handlers/item_handler.go:353.52,355.14 2 0
item-pdp-service/internal/application/http/handlers/item_handler.go:355.14,360.3 2 0
item-pdp-service/internal/application/http/handlers/item_handler.go:362.2,363.16 2 0
item-pdp-service/internal/application/http/handlers/item_handler.go:363.16,369.3 3 0
item-pdp-service/internal/application/http/handlers/item_handler.go:371.2,371.32 1 0
item-pdp-service/internal/application/http/handlers/item_handler.go:389.51,400.28 7 2
item-pdp-service/internal/application/http/handlers/item_handler.go:400.28,402.3 1 0
item-pdp-service/internal/application/http/handlers/item_handler.go:403.2,408.50 4 2
item-pdp-service/internal/application/http/handlers/item_handler.go:408.50,410.3 1 0
item-pdp-service/internal/application/http/handlers/item_handler.go:411.2,414.44 2 2
item-pdp-service/internal/application/http/handlers/item_handler.go:414.44,416.3 1 0
item-pdp-service/internal/application/http/handlers/item_handler.go:418.2,419.16 2 2
item-pdp-service/internal/application/http/handlers/item_handler.go:419.16,425.3 3 0
item-pdp-service/internal/application/http/handlers/item_handler.go:427.2,427.30 1 2
item-pdp-service/internal/application/http/handlers/item_handler.go:443.58,445.20 2 0
item-pdp-service/internal/application/http/handlers/item_handler.go:445.20,450.3 2 0
item-pdp-service/internal/application/http/handlers/item_handler.go:453.2,455.28 3 0
item-pdp-service/internal/application/http/handlers/item_handler.go:455.28,457.3 1 0
item-pdp-service/internal/application/http/handlers/item_handler.go:460.2,462.50 3 0
item-pdp-service/internal/application/http/handlers/item_handler.go:462.50,464.3 1 0
item-pdp-service/internal/application/http/handlers/item_handler.go:466.2,467.16 2 0
item-pdp-service/internal/application/http/handlers/item_handler.go:467.16,473.3 3 0
item-pdp-service/internal/application/http/handlers/item_handler.go:475.2,475.30 1 0
item-pdp-service/internal/application/http/handlers/item_handler.go:490.57,494.28 3 0
item-pdp-service/internal/application/http/handlers/item_handler.go:494.28,496.3 1 0
item-pdp-service/internal/application/http/handlers/item_handler.go:499.2,501.50 3 0
item-pdp-service/internal/application/http/handlers/item_handler.go:501.50,503.3 1 0
item-pdp-service/internal/application/http/handlers/item_handler.go:505.2,506.16 2 0
item-pdp-service/internal/application/http/handlers/item_handler.go:506.16,512.3 3 0
item-pdp-service/internal/application/http/handlers/item_handler.go:514.2,514.30 1 0
item-pdp-service/internal/application/http/handlers/item_handler.go:525.53,541.2 5 0
item-pdp-service/internal/application/http/handlers/item_handler.go:552.60,554.19 2 0
item-pdp-service/internal/application/http/handlers/item_handler.go:554.19,559.3 2 0
item-pdp-service/internal/application/http/handlers/item_handler.go:562.2,570.16 4 0
item-pdp-service/internal/application/http/handlers/item_handler.go:570.16,574.3 3 0
item-pdp-service/internal/application/http/handlers/item_handler.go:576.2,576.31 1 0
item-pdp-service/internal/application/http/handlers/item_handler.go:588.52,590.20 2 0
item-pdp-service/internal/application/http/handlers/item_handler.go:590.20,595.3 2 0
item-pdp-service/internal/application/http/handlers/item_handler.go:598.2,602.53 3 0
item-pdp-service/internal/application/http/handlers/item_handler.go:602.53,607.3 2 0
item-pdp-service/internal/application/http/handlers/item_handler.go:610.2,612.18 3 0
